# JRE version: OpenJDK Runtime Environment (11.0.13) (build 11.0.13+0-b1751.21-8125866)
# Java VM: OpenJDK 64-Bit Server VM (11.0.13+0-b1751.21-8125866, mixed mode, tiered, compressed oops, g1 gc, windows-amd64)
Heap:
 garbage-first heap   total 262144K, used 69556K [0x0000000700c00000, 0x0000000800000000)
  region size 1024K, 46 young (47104K), 2 survivors (2048K)
 Metaspace       used 43481K, capacity 44048K, committed 44160K, reserved 1095680K
  class space    used 5003K, capacity 5204K, committed 5248K, reserved 1048576K
GC Heap History (10 events):
Event: 0.483 GC heap before
{Heap before GC invocations=0 (full 0):
 garbage-first heap   total 262144K, used 27648K [0x0000000700c00000, 0x0000000800000000)
  region size 1024K, 24 young (24576K), 0 survivors (0K)
 Metaspace       used 12119K, capacity 12213K, committed 12544K, reserved 1060864K
  class space    used 1121K, capacity 1174K, committed 1280K, reserved 1048576K
}
Event: 0.485 GC heap after
{Heap after GC invocations=1 (full 0):
 garbage-first heap   total 262144K, used 5611K [0x0000000700c00000, 0x0000000800000000)
  region size 1024K, 3 young (3072K), 3 survivors (3072K)
 Metaspace       used 12119K, capacity 12213K, committed 12544K, reserved 1060864K
  class space    used 1121K, capacity 1174K, committed 1280K, reserved 1048576K
}
Event: 1.028 GC heap before
{Heap before GC invocations=1 (full 0):
 garbage-first heap   total 262144K, used 43499K [0x0000000700c00000, 0x0000000800000000)
  region size 1024K, 41 young (41984K), 3 survivors (3072K)
 Metaspace       used 20900K, capacity 21105K, committed 21248K, reserved 1069056K
  class space    used 2138K, capacity 2218K, committed 2304K, reserved 1048576K
}
Event: 1.039 GC heap after
{Heap after GC invocations=2 (full 0):
 garbage-first heap   total 262144K, used 9531K [0x0000000700c00000, 0x0000000800000000)
  region size 1024K, 7 young (7168K), 7 survivors (7168K)
 Metaspace       used 20900K, capacity 21105K, committed 21248K, reserved 1069056K
  class space    used 2138K, capacity 2218K, committed 2304K, reserved 1048576K
}
Event: 1.893 GC heap before
{Heap before GC invocations=3 (full 0):
 garbage-first heap   total 262144K, used 76091K [0x0000000700c00000, 0x0000000800000000)
  region size 1024K, 60 young (61440K), 7 survivors (7168K)
 Metaspace       used 31678K, capacity 32234K, committed 32384K, reserved 1077248K
  class space    used 3779K, capacity 3961K, committed 3968K, reserved 1048576K
}
Event: 1.905 GC heap after
{Heap after GC invocations=4 (full 0):
 garbage-first heap   total 262144K, used 24128K [0x0000000700c00000, 0x0000000800000000)
  region size 1024K, 8 young (8192K), 8 survivors (8192K)
 Metaspace       used 31678K, capacity 32234K, committed 32384K, reserved 1077248K
  class space    used 3779K, capacity 3961K, committed 3968K, reserved 1048576K
}
Event: 1.959 GC heap before
{Heap before GC invocations=4 (full 0):
 garbage-first heap   total 262144K, used 28224K [0x0000000700c00000, 0x0000000800000000)
  region size 1024K, 12 young (12288K), 8 survivors (8192K)
 Metaspace       used 32476K, capacity 32978K, committed 33152K, reserved 1079296K
  class space    used 3950K, capacity 4124K, committed 4224K, reserved 1048576K
}
Event: 1.965 GC heap after
{Heap after GC invocations=5 (full 0):
 garbage-first heap   total 262144K, used 25636K [0x0000000700c00000, 0x0000000800000000)
  region size 1024K, 2 young (2048K), 2 survivors (2048K)
 Metaspace       used 32476K, capacity 32978K, committed 33152K, reserved 1079296K
  class space    used 3950K, capacity 4124K, committed 4224K, reserved 1048576K
}
Event: 2.133 GC heap before
{Heap before GC invocations=5 (full 0):
 garbage-first heap   total 262144K, used 36900K [0x0000000700c00000, 0x0000000800000000)
  region size 1024K, 14 young (14336K), 2 survivors (2048K)
 Metaspace       used 35243K, capacity 35741K, committed 35840K, reserved 1081344K
  class space    used 4249K, capacity 4448K, committed 4480K, reserved 1048576K
}
Event: 2.135 GC heap after
{Heap after GC invocations=6 (full 0):
 garbage-first heap   total 262144K, used 25524K [0x0000000700c00000, 0x0000000800000000)
  region size 1024K, 2 young (2048K), 2 survivors (2048K)
 Metaspace       used 35243K, capacity 35741K, committed 35840K, reserved 1081344K
  class space    used 4249K, capacity 4448K, committed 4480K, reserved 1048576K
}

