# JRE version: OpenJDK Runtime Environment (11.0.13) (build 11.0.13+0-b1751.21-8125866)
# Java VM: OpenJDK 64-Bit Server VM (11.0.13+0-b1751.21-8125866, mixed mode, tiered, compressed oops, g1 gc, windows-amd64)
Heap:
 garbage-first heap   total 262144K, used 127931K [0x0000000080000000, 0x0000000100000000)
  region size 1024K, 70 young (71680K), 18 survivors (18432K)
 Metaspace       used 87454K, capacity 89897K, committed 89936K, reserved 1126400K
  class space    used 11342K, capacity 12268K, committed 12288K, reserved 1048576K
GC Heap History (20 events):
Event: 0.602 GC heap before
{Heap before GC invocations=0 (full 0):
 garbage-first heap   total 262144K, used 29696K [0x0000000080000000, 0x0000000100000000)
  region size 1024K, 24 young (24576K), 0 survivors (0K)
 Metaspace       used 9732K, capacity 9900K, committed 10112K, reserved 1058816K
  class space    used 984K, capacity 1069K, committed 1152K, reserved 1048576K
}
Event: 0.605 GC heap after
{Heap after GC invocations=1 (full 0):
 garbage-first heap   total 262144K, used 9295K [0x0000000080000000, 0x0000000100000000)
  region size 1024K, 3 young (3072K), 3 survivors (3072K)
 Metaspace       used 9732K, capacity 9900K, committed 10112K, reserved 1058816K
  class space    used 984K, capacity 1069K, committed 1152K, reserved 1048576K
}
Event: 1.982 GC heap before
{Heap before GC invocations=1 (full 0):
 garbage-first heap   total 262144K, used 117839K [0x0000000080000000, 0x0000000100000000)
  region size 1024K, 110 young (112640K), 3 survivors (3072K)
 Metaspace       used 20790K, capacity 21143K, committed 21296K, reserved 1069056K
  class space    used 2508K, capacity 2646K, committed 2688K, reserved 1048576K
}
Event: 1.990 GC heap after
{Heap after GC invocations=2 (full 0):
 garbage-first heap   total 262144K, used 16824K [0x0000000080000000, 0x0000000100000000)
  region size 1024K, 11 young (11264K), 11 survivors (11264K)
 Metaspace       used 20790K, capacity 21143K, committed 21296K, reserved 1069056K
  class space    used 2508K, capacity 2646K, committed 2688K, reserved 1048576K
}
Event: 2.532 GC heap before
{Heap before GC invocations=3 (full 0):
 garbage-first heap   total 262144K, used 82360K [0x0000000080000000, 0x0000000100000000)
  region size 1024K, 75 young (76800K), 11 survivors (11264K)
 Metaspace       used 27159K, capacity 27773K, committed 28080K, reserved 1073152K
  class space    used 3507K, capacity 3738K, committed 3840K, reserved 1048576K
}
Event: 2.539 GC heap after
{Heap after GC invocations=4 (full 0):
 garbage-first heap   total 262144K, used 19697K [0x0000000080000000, 0x0000000100000000)
  region size 1024K, 3 young (3072K), 3 survivors (3072K)
 Metaspace       used 27159K, capacity 27773K, committed 28080K, reserved 1073152K
  class space    used 3507K, capacity 3738K, committed 3840K, reserved 1048576K
}
Event: 3.129 GC heap before
{Heap before GC invocations=4 (full 0):
 garbage-first heap   total 262144K, used 70897K [0x0000000080000000, 0x0000000100000000)
  region size 1024K, 54 young (55296K), 3 survivors (3072K)
 Metaspace       used 34961K, capacity 35721K, committed 35920K, reserved 1081344K
  class space    used 4468K, capacity 4750K, committed 4864K, reserved 1048576K
}
Event: 3.136 GC heap after
{Heap after GC invocations=5 (full 0):
 garbage-first heap   total 262144K, used 22388K [0x0000000080000000, 0x0000000100000000)
  region size 1024K, 6 young (6144K), 6 survivors (6144K)
 Metaspace       used 34961K, capacity 35721K, committed 35920K, reserved 1081344K
  class space    used 4468K, capacity 4750K, committed 4864K, reserved 1048576K
}
Event: 4.272 GC heap before
{Heap before GC invocations=6 (full 0):
 garbage-first heap   total 262144K, used 146292K [0x0000000080000000, 0x0000000100000000)
  region size 1024K, 124 young (126976K), 6 survivors (6144K)
 Metaspace       used 45158K, capacity 46277K, committed 46416K, reserved 1089536K
  class space    used 5691K, capacity 6080K, committed 6144K, reserved 1048576K
}
Event: 4.279 GC heap after
{Heap after GC invocations=7 (full 0):
 garbage-first heap   total 262144K, used 30088K [0x0000000080000000, 0x0000000100000000)
  region size 1024K, 13 young (13312K), 13 survivors (13312K)
 Metaspace       used 45158K, capacity 46277K, committed 46416K, reserved 1089536K
  class space    used 5691K, capacity 6080K, committed 6144K, reserved 1048576K
}
Event: 5.322 GC heap before
{Heap before GC invocations=7 (full 0):
 garbage-first heap   total 262144K, used 181640K [0x0000000080000000, 0x0000000100000000)
  region size 1024K, 153 young (156672K), 13 survivors (13312K)
 Metaspace       used 52765K, capacity 54259K, committed 54480K, reserved 1097728K
  class space    used 6643K, capacity 7185K, committed 7296K, reserved 1048576K
}
Event: 5.332 GC heap after
{Heap after GC invocations=8 (full 0):
 garbage-first heap   total 262144K, used 49474K [0x0000000080000000, 0x0000000100000000)
  region size 1024K, 19 young (19456K), 19 survivors (19456K)
 Metaspace       used 52765K, capacity 54259K, committed 54480K, reserved 1097728K
  class space    used 6643K, capacity 7185K, committed 7296K, reserved 1048576K
}
Event: 5.842 GC heap before
{Heap before GC invocations=8 (full 0):
 garbage-first heap   total 262144K, used 93506K [0x0000000080000000, 0x0000000100000000)
  region size 1024K, 63 young (64512K), 19 survivors (19456K)
 Metaspace       used 58629K, capacity 60211K, committed 60240K, reserved 1101824K
  class space    used 7369K, capacity 7927K, committed 7936K, reserved 1048576K
}
Event: 5.860 GC heap after
{Heap after GC invocations=9 (full 0):
 garbage-first heap   total 262144K, used 51790K [0x0000000080000000, 0x0000000100000000)
  region size 1024K, 4 young (4096K), 4 survivors (4096K)
 Metaspace       used 58629K, capacity 60211K, committed 60240K, reserved 1101824K
  class space    used 7369K, capacity 7927K, committed 7936K, reserved 1048576K
}
Event: 7.091 GC heap before
{Heap before GC invocations=10 (full 0):
 garbage-first heap   total 262144K, used 191054K [0x0000000080000000, 0x0000000100000000)
  region size 1024K, 133 young (136192K), 4 survivors (4096K)
 Metaspace       used 68651K, capacity 70414K, committed 70608K, reserved 1110016K
  class space    used 8621K, capacity 9239K, committed 9344K, reserved 1048576K
}
Event: 7.104 GC heap after
{Heap after GC invocations=11 (full 0):
 garbage-first heap   total 262144K, used 59438K [0x0000000080000000, 0x0000000100000000)
  region size 1024K, 11 young (11264K), 11 survivors (11264K)
 Metaspace       used 68651K, capacity 70414K, committed 70608K, reserved 1110016K
  class space    used 8621K, capacity 9239K, committed 9344K, reserved 1048576K
}
Event: 8.418 GC heap before
{Heap before GC invocations=12 (full 0):
 garbage-first heap   total 262144K, used 190510K [0x0000000080000000, 0x0000000100000000)
  region size 1024K, 139 young (142336K), 11 survivors (11264K)
 Metaspace       used 78014K, capacity 79762K, committed 79952K, reserved 1118208K
  class space    used 10013K, capacity 10665K, committed 10752K, reserved 1048576K
}
Event: 8.426 GC heap after
{Heap after GC invocations=13 (full 0):
 garbage-first heap   total 262144K, used 68250K [0x0000000080000000, 0x0000000100000000)
  region size 1024K, 18 young (18432K), 18 survivors (18432K)
 Metaspace       used 78014K, capacity 79762K, committed 79952K, reserved 1118208K
  class space    used 10013K, capacity 10665K, committed 10752K, reserved 1048576K
}
Event: 9.622 GC heap before
{Heap before GC invocations=13 (full 0):
 garbage-first heap   total 262144K, used 197274K [0x0000000080000000, 0x0000000100000000)
  region size 1024K, 144 young (147456K), 18 survivors (18432K)
 Metaspace       used 86477K, capacity 88860K, committed 89040K, reserved 1126400K
  class space    used 11247K, capacity 12145K, committed 12160K, reserved 1048576K
}
Event: 9.635 GC heap after
{Heap after GC invocations=14 (full 0):
 garbage-first heap   total 262144K, used 76731K [0x0000000080000000, 0x0000000100000000)
  region size 1024K, 18 young (18432K), 18 survivors (18432K)
 Metaspace       used 86477K, capacity 88860K, committed 89040K, reserved 1126400K
  class space    used 11247K, capacity 12145K, committed 12160K, reserved 1048576K
}

