# JRE version: OpenJDK Runtime Environment (11.0.13) (build 11.0.13+0-b1751.21-8125866)
# Java VM: OpenJDK 64-Bit Server VM (11.0.13+0-b1751.21-8125866, mixed mode, tiered, compressed oops, g1 gc, windows-amd64)
Heap:
 garbage-first heap   total 262144K, used 103420K [0x0000000080000000, 0x0000000100000000)
  region size 1024K, 19 young (19456K), 15 survivors (15360K)
 Metaspace       used 110104K, capacity 113355K, committed 113488K, reserved 1148928K
  class space    used 13596K, capacity 14790K, committed 14848K, reserved 1048576K
GC Heap History (20 events):
Event: 10.038 GC heap before
{Heap before GC invocations=12 (full 0):
 garbage-first heap   total 262144K, used 178931K [0x0000000080000000, 0x0000000100000000)
  region size 1024K, 127 young (130048K), 10 survivors (10240K)
 Metaspace       used 75899K, capacity 77623K, committed 77776K, reserved 1116160K
  class space    used 9717K, capacity 10343K, committed 10368K, reserved 1048576K
}
Event: 10.050 GC heap after
{Heap after GC invocations=13 (full 0):
 garbage-first heap   total 262144K, used 67019K [0x0000000080000000, 0x0000000100000000)
  region size 1024K, 8 young (8192K), 8 survivors (8192K)
 Metaspace       used 75899K, capacity 77623K, committed 77776K, reserved 1116160K
  class space    used 9717K, capacity 10343K, committed 10368K, reserved 1048576K
}
Event: 11.789 GC heap before
{Heap before GC invocations=13 (full 0):
 garbage-first heap   total 262144K, used 187851K [0x0000000080000000, 0x0000000100000000)
  region size 1024K, 126 young (129024K), 8 survivors (8192K)
 Metaspace       used 86126K, capacity 88527K, committed 88784K, reserved 1126400K
  class space    used 11223K, capacity 12104K, committed 12160K, reserved 1048576K
}
Event: 11.800 GC heap after
{Heap after GC invocations=14 (full 0):
 garbage-first heap   total 262144K, used 74887K [0x0000000080000000, 0x0000000100000000)
  region size 1024K, 16 young (16384K), 16 survivors (16384K)
 Metaspace       used 86126K, capacity 88527K, committed 88784K, reserved 1126400K
  class space    used 11223K, capacity 12104K, committed 12160K, reserved 1048576K
}
Event: 13.645 GC heap before
{Heap before GC invocations=14 (full 0):
 garbage-first heap   total 262144K, used 192647K [0x0000000080000000, 0x0000000100000000)
  region size 1024K, 132 young (135168K), 16 survivors (16384K)
 Metaspace       used 89510K, capacity 92004K, committed 92240K, reserved 1128448K
  class space    used 11500K, capacity 12424K, committed 12544K, reserved 1048576K
}
Event: 13.658 GC heap after
{Heap after GC invocations=15 (full 0):
 garbage-first heap   total 262144K, used 80005K [0x0000000080000000, 0x0000000100000000)
  region size 1024K, 14 young (14336K), 14 survivors (14336K)
 Metaspace       used 89510K, capacity 92004K, committed 92240K, reserved 1128448K
  class space    used 11500K, capacity 12424K, committed 12544K, reserved 1048576K
}
Event: 25.533 GC heap before
{Heap before GC invocations=15 (full 0):
 garbage-first heap   total 262144K, used 198789K [0x0000000080000000, 0x0000000100000000)
  region size 1024K, 131 young (134144K), 14 survivors (14336K)
 Metaspace       used 91676K, capacity 94397K, committed 94544K, reserved 1130496K
  class space    used 11689K, capacity 12695K, committed 12800K, reserved 1048576K
}
Event: 25.545 GC heap after
{Heap after GC invocations=16 (full 0):
 garbage-first heap   total 262144K, used 87880K [0x0000000080000000, 0x0000000100000000)
  region size 1024K, 14 young (14336K), 14 survivors (14336K)
 Metaspace       used 91676K, capacity 94397K, committed 94544K, reserved 1130496K
  class space    used 11689K, capacity 12695K, committed 12800K, reserved 1048576K
}
Event: 286.174 GC heap before
{Heap before GC invocations=16 (full 0):
 garbage-first heap   total 262144K, used 202568K [0x0000000080000000, 0x0000000100000000)
  region size 1024K, 127 young (130048K), 14 survivors (14336K)
 Metaspace       used 92590K, capacity 95365K, committed 95568K, reserved 1132544K
  class space    used 11734K, capacity 12769K, committed 12800K, reserved 1048576K
}
Event: 286.178 GC heap after
{Heap after GC invocations=17 (full 0):
 garbage-first heap   total 262144K, used 83648K [0x0000000080000000, 0x0000000100000000)
  region size 1024K, 3 young (3072K), 3 survivors (3072K)
 Metaspace       used 92590K, capacity 95365K, committed 95568K, reserved 1132544K
  class space    used 11734K, capacity 12769K, committed 12800K, reserved 1048576K
}
Event: 423.720 GC heap before
{Heap before GC invocations=17 (full 0):
 garbage-first heap   total 262144K, used 206528K [0x0000000080000000, 0x0000000100000000)
  region size 1024K, 124 young (126976K), 3 survivors (3072K)
 Metaspace       used 93130K, capacity 96006K, committed 96208K, reserved 1132544K
  class space    used 11781K, capacity 12854K, committed 12928K, reserved 1048576K
}
Event: 423.723 GC heap after
{Heap after GC invocations=18 (full 0):
 garbage-first heap   total 262144K, used 83955K [0x0000000080000000, 0x0000000100000000)
  region size 1024K, 4 young (4096K), 4 survivors (4096K)
 Metaspace       used 93130K, capacity 96006K, committed 96208K, reserved 1132544K
  class space    used 11781K, capacity 12854K, committed 12928K, reserved 1048576K
}
Event: 425.201 GC heap before
{Heap before GC invocations=18 (full 0):
 garbage-first heap   total 262144K, used 208883K [0x0000000080000000, 0x0000000100000000)
  region size 1024K, 127 young (130048K), 4 survivors (4096K)
 Metaspace       used 98150K, capacity 101142K, committed 101328K, reserved 1136640K
  class space    used 12207K, capacity 13318K, committed 13440K, reserved 1048576K
}
Event: 425.209 GC heap after
{Heap after GC invocations=19 (full 0):
 garbage-first heap   total 262144K, used 93205K [0x0000000080000000, 0x0000000100000000)
  region size 1024K, 13 young (13312K), 13 survivors (13312K)
 Metaspace       used 98150K, capacity 101142K, committed 101328K, reserved 1136640K
  class space    used 12207K, capacity 13318K, committed 13440K, reserved 1048576K
}
Event: 557.963 GC heap before
{Heap before GC invocations=19 (full 0):
 garbage-first heap   total 262144K, used 209941K [0x0000000080000000, 0x0000000100000000)
  region size 1024K, 128 young (131072K), 13 survivors (13312K)
 Metaspace       used 103989K, capacity 107036K, committed 107344K, reserved 1142784K
  class space    used 12893K, capacity 14022K, committed 14080K, reserved 1048576K
}
Event: 557.970 GC heap after
{Heap after GC invocations=20 (full 0):
 garbage-first heap   total 262144K, used 88792K [0x0000000080000000, 0x0000000100000000)
  region size 1024K, 7 young (7168K), 7 survivors (7168K)
 Metaspace       used 103989K, capacity 107036K, committed 107344K, reserved 1142784K
  class space    used 12893K, capacity 14022K, committed 14080K, reserved 1048576K
}
Event: 928.431 GC heap before
{Heap before GC invocations=20 (full 0):
 garbage-first heap   total 262144K, used 209624K [0x0000000080000000, 0x0000000100000000)
  region size 1024K, 126 young (129024K), 7 survivors (7168K)
 Metaspace       used 104711K, capacity 107893K, committed 108240K, reserved 1142784K
  class space    used 12936K, capacity 14083K, committed 14208K, reserved 1048576K
}
Event: 928.440 GC heap after
{Heap after GC invocations=21 (full 0):
 garbage-first heap   total 262144K, used 93003K [0x0000000080000000, 0x0000000100000000)
  region size 1024K, 11 young (11264K), 11 survivors (11264K)
 Metaspace       used 104711K, capacity 107893K, committed 108240K, reserved 1142784K
  class space    used 12936K, capacity 14083K, committed 14208K, reserved 1048576K
}
Event: 937.764 GC heap before
{Heap before GC invocations=21 (full 0):
 garbage-first heap   total 262144K, used 210763K [0x0000000080000000, 0x0000000100000000)
  region size 1024K, 127 young (130048K), 11 survivors (11264K)
 Metaspace       used 109980K, capacity 113225K, committed 113488K, reserved 1148928K
  class space    used 13577K, capacity 14778K, committed 14848K, reserved 1048576K
}
Event: 937.774 GC heap after
{Heap after GC invocations=22 (full 0):
 garbage-first heap   total 262144K, used 100348K [0x0000000080000000, 0x0000000100000000)
  region size 1024K, 15 young (15360K), 15 survivors (15360K)
 Metaspace       used 109980K, capacity 113225K, committed 113488K, reserved 1148928K
  class space    used 13577K, capacity 14778K, committed 14848K, reserved 1048576K
}

