# JRE version: OpenJDK Runtime Environment (11.0.13) (build 11.0.13+0-b1751.21-8125866)
# Java VM: OpenJDK 64-Bit Server VM (11.0.13+0-b1751.21-8125866, mixed mode, tiered, compressed oops, g1 gc, windows-amd64)
Heap:
 garbage-first heap   total 262144K, used 107179K [0x0000000080000000, 0x0000000100000000)
  region size 1024K, 47 young (48128K), 17 survivors (17408K)
 Metaspace       used 87025K, capacity 89522K, committed 89680K, reserved 1126400K
  class space    used 11295K, capacity 12272K, committed 12288K, reserved 1048576K
GC Heap History (20 events):
Event: 0.648 GC heap before
{Heap before GC invocations=0 (full 0):
 garbage-first heap   total 262144K, used 29696K [0x0000000080000000, 0x0000000100000000)
  region size 1024K, 24 young (24576K), 0 survivors (0K)
 Metaspace       used 9798K, capacity 10032K, committed 10368K, reserved 1058816K
  class space    used 991K, capacity 1069K, committed 1152K, reserved 1048576K
}
Event: 0.652 GC heap after
{Heap after GC invocations=1 (full 0):
 garbage-first heap   total 262144K, used 9597K [0x0000000080000000, 0x0000000100000000)
  region size 1024K, 3 young (3072K), 3 survivors (3072K)
 Metaspace       used 9798K, capacity 10032K, committed 10368K, reserved 1058816K
  class space    used 991K, capacity 1069K, committed 1152K, reserved 1048576K
}
Event: 2.013 GC heap before
{Heap before GC invocations=1 (full 0):
 garbage-first heap   total 262144K, used 117117K [0x0000000080000000, 0x0000000100000000)
  region size 1024K, 109 young (111616K), 3 survivors (3072K)
 Metaspace       used 20798K, capacity 21147K, committed 21296K, reserved 1069056K
  class space    used 2511K, capacity 2646K, committed 2688K, reserved 1048576K
}
Event: 2.022 GC heap after
{Heap after GC invocations=2 (full 0):
 garbage-first heap   total 262144K, used 17574K [0x0000000080000000, 0x0000000100000000)
  region size 1024K, 11 young (11264K), 11 survivors (11264K)
 Metaspace       used 20798K, capacity 21147K, committed 21296K, reserved 1069056K
  class space    used 2511K, capacity 2646K, committed 2688K, reserved 1048576K
}
Event: 2.287 GC heap before
{Heap before GC invocations=3 (full 0):
 garbage-first heap   total 262144K, used 49318K [0x0000000080000000, 0x0000000100000000)
  region size 1024K, 43 young (44032K), 11 survivors (11264K)
 Metaspace       used 24060K, capacity 24645K, committed 24752K, reserved 1071104K
  class space    used 3030K, capacity 3221K, committed 3328K, reserved 1048576K
}
Event: 2.293 GC heap after
{Heap after GC invocations=4 (full 0):
 garbage-first heap   total 262144K, used 18494K [0x0000000080000000, 0x0000000100000000)
  region size 1024K, 2 young (2048K), 2 survivors (2048K)
 Metaspace       used 24060K, capacity 24645K, committed 24752K, reserved 1071104K
  class space    used 3030K, capacity 3221K, committed 3328K, reserved 1048576K
}
Event: 3.162 GC heap before
{Heap before GC invocations=4 (full 0):
 garbage-first heap   total 262144K, used 101438K [0x0000000080000000, 0x0000000100000000)
  region size 1024K, 84 young (86016K), 2 survivors (2048K)
 Metaspace       used 34972K, capacity 35757K, committed 35920K, reserved 1081344K
  class space    used 4472K, capacity 4782K, committed 4864K, reserved 1048576K
}
Event: 3.170 GC heap after
{Heap after GC invocations=5 (full 0):
 garbage-first heap   total 262144K, used 22346K [0x0000000080000000, 0x0000000100000000)
  region size 1024K, 6 young (6144K), 6 survivors (6144K)
 Metaspace       used 34972K, capacity 35757K, committed 35920K, reserved 1081344K
  class space    used 4472K, capacity 4782K, committed 4864K, reserved 1048576K
}
Event: 4.272 GC heap before
{Heap before GC invocations=6 (full 0):
 garbage-first heap   total 262144K, used 141130K [0x0000000080000000, 0x0000000100000000)
  region size 1024K, 119 young (121856K), 6 survivors (6144K)
 Metaspace       used 44879K, capacity 45972K, committed 46160K, reserved 1089536K
  class space    used 5645K, capacity 6040K, committed 6144K, reserved 1048576K
}
Event: 4.279 GC heap after
{Heap after GC invocations=7 (full 0):
 garbage-first heap   total 262144K, used 30112K [0x0000000080000000, 0x0000000100000000)
  region size 1024K, 13 young (13312K), 13 survivors (13312K)
 Metaspace       used 44879K, capacity 45972K, committed 46160K, reserved 1089536K
  class space    used 5645K, capacity 6040K, committed 6144K, reserved 1048576K
}
Event: 5.346 GC heap before
{Heap before GC invocations=7 (full 0):
 garbage-first heap   total 262144K, used 178592K [0x0000000080000000, 0x0000000100000000)
  region size 1024K, 150 young (153600K), 13 survivors (13312K)
 Metaspace       used 52532K, capacity 54040K, committed 54224K, reserved 1095680K
  class space    used 6607K, capacity 7174K, committed 7296K, reserved 1048576K
}
Event: 5.355 GC heap after
{Heap after GC invocations=8 (full 0):
 garbage-first heap   total 262144K, used 48907K [0x0000000080000000, 0x0000000100000000)
  region size 1024K, 19 young (19456K), 19 survivors (19456K)
 Metaspace       used 52532K, capacity 54040K, committed 54224K, reserved 1095680K
  class space    used 6607K, capacity 7174K, committed 7296K, reserved 1048576K
}
Event: 5.875 GC heap before
{Heap before GC invocations=8 (full 0):
 garbage-first heap   total 262144K, used 93963K [0x0000000080000000, 0x0000000100000000)
  region size 1024K, 64 young (65536K), 19 survivors (19456K)
 Metaspace       used 58623K, capacity 60184K, committed 60240K, reserved 1101824K
  class space    used 7368K, capacity 7916K, committed 7936K, reserved 1048576K
}
Event: 5.890 GC heap after
{Heap after GC invocations=9 (full 0):
 garbage-first heap   total 262144K, used 52033K [0x0000000080000000, 0x0000000100000000)
  region size 1024K, 3 young (3072K), 3 survivors (3072K)
 Metaspace       used 58623K, capacity 60184K, committed 60240K, reserved 1101824K
  class space    used 7368K, capacity 7916K, committed 7936K, reserved 1048576K
}
Event: 7.145 GC heap before
{Heap before GC invocations=10 (full 0):
 garbage-first heap   total 262144K, used 200513K [0x0000000080000000, 0x0000000100000000)
  region size 1024K, 141 young (144384K), 3 survivors (3072K)
 Metaspace       used 68670K, capacity 70421K, committed 70608K, reserved 1110016K
  class space    used 8625K, capacity 9262K, committed 9344K, reserved 1048576K
}
Event: 7.160 GC heap after
{Heap after GC invocations=11 (full 0):
 garbage-first heap   total 262144K, used 60766K [0x0000000080000000, 0x0000000100000000)
  region size 1024K, 12 young (12288K), 12 survivors (12288K)
 Metaspace       used 68670K, capacity 70421K, committed 70608K, reserved 1110016K
  class space    used 8625K, capacity 9262K, committed 9344K, reserved 1048576K
}
Event: 8.539 GC heap before
{Heap before GC invocations=12 (full 0):
 garbage-first heap   total 262144K, used 195934K [0x0000000080000000, 0x0000000100000000)
  region size 1024K, 144 young (147456K), 12 survivors (12288K)
 Metaspace       used 79281K, capacity 81011K, committed 81232K, reserved 1120256K
  class space    used 10233K, capacity 10926K, committed 11008K, reserved 1048576K
}
Event: 8.548 GC heap after
{Heap after GC invocations=13 (full 0):
 garbage-first heap   total 262144K, used 69111K [0x0000000080000000, 0x0000000100000000)
  region size 1024K, 9 young (9216K), 9 survivors (9216K)
 Metaspace       used 79281K, capacity 81011K, committed 81232K, reserved 1120256K
  class space    used 10233K, capacity 10926K, committed 11008K, reserved 1048576K
}
Event: 9.643 GC heap before
{Heap before GC invocations=13 (full 0):
 garbage-first heap   total 262144K, used 199159K [0x0000000080000000, 0x0000000100000000)
  region size 1024K, 137 young (140288K), 9 survivors (9216K)
 Metaspace       used 86560K, capacity 88956K, committed 89168K, reserved 1126400K
  class space    used 11256K, capacity 12187K, committed 12288K, reserved 1048576K
}
Event: 9.653 GC heap after
{Heap after GC invocations=14 (full 0):
 garbage-first heap   total 262144K, used 77483K [0x0000000080000000, 0x0000000100000000)
  region size 1024K, 17 young (17408K), 17 survivors (17408K)
 Metaspace       used 86560K, capacity 88956K, committed 89168K, reserved 1126400K
  class space    used 11256K, capacity 12187K, committed 12288K, reserved 1048576K
}

